<?xml version="1.0" encoding="UTF-8"?>
<!-- Generated by org.testng.reporters.JUnitReportReporter -->
<testsuite skipped="1" hostname="DESKTOP-87H0121" name="org.learnTestNG.Day3SkipTest" tests="7" failures="0" timestamp="22 May 2022 06:33:40 GMT" time="0.072" errors="0">
  <testcase name="startACar" time="0.032" classname="org.learnTestNG.Day3SkipTest"/>
  <testcase name="putKey" time="0.008" classname="org.learnTestNG.Day3SkipTest"/>
  <testcase name="startBtn" time="0.008" classname="org.learnTestNG.Day3SkipTest"/>
  <testcase name="firstGear" time="0.008" classname="org.learnTestNG.Day3SkipTest"/>
  <testcase name="secondGear" time="0.016" classname="org.learnTestNG.Day3SkipTest"/>
  <testcase name="drive" time="0.000" classname="org.learnTestNG.Day3SkipTest"/>
  <testcase name="satrtMusic" classname="org.learnTestNG.Day3SkipTest">
    <skipped/>
  </testcase> <!-- satrtMusic -->
</testsuite> <!-- org.learnTestNG.Day3SkipTest -->
