<?xml version="1.0" encoding="UTF-8"?>
<!-- Generated by org.testng.reporters.JUnitReportReporter -->
<testsuite skipped="0" hostname="DESKTOP-87H0121" name="org.learnTestNG.Part9ParallelTesting" tests="2" failures="0" timestamp="24 May 2022 06:40:53 GMT" time="23.566" errors="0">
  <testcase name="bing" time="9.869" classname="org.learnTestNG.Part9ParallelTesting"/>
  <testcase name="openGoogle" time="13.697" classname="org.learnTestNG.Part9ParallelTesting"/>
</testsuite> <!-- org.learnTestNG.Part9ParallelTesting -->
