<?xml version="1.0" encoding="UTF-8"?>
<!-- Generated by org.testng.reporters.JUnitReportReporter -->
<testsuite skipped="0" hostname="DESKTOP-87H0121" name="org.learnTestNG.Part4Dependencies" tests="3" failures="0" timestamp="24 May 2022 04:17:44 GMT" time="0.024" errors="0">
  <testcase name="HigherSecSchool" time="0.010" classname="org.learnTestNG.Part4Dependencies"/>
  <testcase name="Highschool" time="0.011" classname="org.learnTestNG.Part4Dependencies"/>
  <testcase name="Engineering" time="0.003" classname="org.learnTestNG.Part4Dependencies"/>
</testsuite> <!-- org.learnTestNG.Part4Dependencies -->
