<?xml version="1.0" encoding="UTF-8"?>
<!-- Generated by org.testng.reporters.JUnitReportReporter -->
<testsuite skipped="0" hostname="DESKTOP-87H0121" name="org.learnTestNG.Part7TestGroup" tests="4" failures="0" timestamp="24 May 2022 05:03:32 GMT" time="0.031" errors="0">
  <testcase name="Apple1" time="0.031" classname="org.learnTestNG.Part7TestGroup"/>
  <testcase name="Moto1" time="0.000" classname="org.learnTestNG.Part7TestGroup"/>
  <testcase name="Apple2" time="0.000" classname="org.learnTestNG.Part7TestGroup"/>
  <testcase name="Moto2" time="0.000" classname="org.learnTestNG.Part7TestGroup"/>
</testsuite> <!-- org.learnTestNG.Part7TestGroup -->
