<?xml version="1.0" encoding="UTF-8"?>
<!-- Generated by org.testng.reporters.JUnitReportReporter -->
<testsuite skipped="0" hostname="DESKTOP-87H0121" name="org.learnTestNG.Day4Dependencies" tests="3" failures="0" timestamp="22 May 2022 06:39:58 GMT" time="0.032" errors="0">
  <testcase name="Engineering" time="0.000" classname="org.learnTestNG.Day4Dependencies"/>
  <testcase name="Highschool" time="0.024" classname="org.learnTestNG.Day4Dependencies"/>
  <testcase name="HigherSecSchool" time="0.008" classname="org.learnTestNG.Day4Dependencies"/>
</testsuite> <!-- org.learnTestNG.Day4Dependencies -->
