<?xml version="1.0" encoding="UTF-8"?>
<!-- Generated by org.testng.reporters.JUnitReportReporter -->
<testsuite skipped="0" hostname="DESKTOP-87H0121" name="org.learnTestNG.Part1Introduction" tests="5" failures="0" timestamp="24 May 2022 04:17:44 GMT" time="0.025" errors="0">
  <testcase name="fifthTestcase" time="0.002" classname="org.learnTestNG.Part1Introduction"/>
  <testcase name="firstTestcase" time="0.011" classname="org.learnTestNG.Part1Introduction"/>
  <testcase name="secondTestcase" time="0.005" classname="org.learnTestNG.Part1Introduction"/>
  <testcase name="ThirdTestcase" time="0.005" classname="org.learnTestNG.Part1Introduction"/>
  <testcase name="fourthTestcase" time="0.002" classname="org.learnTestNG.Part1Introduction"/>
</testsuite> <!-- org.learnTestNG.Part1Introduction -->
