<?xml version="1.0" encoding="UTF-8"?>
<!-- Generated by org.testng.reporters.JUnitReportReporter -->
<testsuite skipped="0" hostname="DESKTOP-87H0121" name="org.learnTestNG.ParallelTesting" tests="2" failures="0" timestamp="24 May 2022 06:29:31 GMT" time="18.875" errors="0">
  <testcase name="bing" time="10.975" classname="org.learnTestNG.ParallelTesting"/>
  <testcase name="openGoogle" time="7.900" classname="org.learnTestNG.ParallelTesting"/>
</testsuite> <!-- org.learnTestNG.ParallelTesting -->
