<?xml version="1.0" encoding="UTF-8"?>
<!-- Generated by org.testng.reporters.JUnitReportReporter -->
<testsuite skipped="0" hostname="DESKTOP-87H0121" name="org.dataDriven.Jxl" tests="4" failures="0" timestamp="26 May 2022 07:17:50 GMT" time="13.866" errors="0">
  <testcase name="BothCorrect" time="6.140" classname="org.dataDriven.Jxl"/>
  <testcase name="BothCorrect" time="2.151" classname="org.dataDriven.Jxl"/>
  <testcase name="BothCorrect" time="3.622" classname="org.dataDriven.Jxl"/>
  <testcase name="BothCorrect" time="1.953" classname="org.dataDriven.Jxl"/>
</testsuite> <!-- org.dataDriven.Jxl -->
