<?xml version="1.0" encoding="UTF-8"?>
<!-- Generated by org.testng.reporters.JUnitReportReporter -->
<testsuite skipped="0" hostname="DESKTOP-87H0121" name="org.pageObjectModel.LoginTest" tests="1" failures="0" timestamp="30 May 2022 03:01:46 GMT" time="17.701" errors="0">
  <testcase name="login" time="17.701" classname="org.pageObjectModel.LoginTest"/>
</testsuite> <!-- org.pageObjectModel.LoginTest -->
