<?xml version="1.0" encoding="UTF-8"?>
<!-- Generated by org.testng.reporters.JUnitReportReporter -->
<testsuite skipped="0" hostname="DESKTOP-87H0121" name="org.dataDriven.DataProviderTestNGJxlExcelsheet" tests="4" failures="0" timestamp="06 Jun 2022 08:54:06 GMT" time="55.397" errors="0">
  <testcase name="dataprovider" time="15.769" classname="org.dataDriven.DataProviderTestNGJxlExcelsheet"/>
  <testcase name="dataprovider" time="10.337" classname="org.dataDriven.DataProviderTestNGJxlExcelsheet"/>
  <testcase name="dataprovider" time="18.934" classname="org.dataDriven.DataProviderTestNGJxlExcelsheet"/>
  <testcase name="dataprovider" time="10.357" classname="org.dataDriven.DataProviderTestNGJxlExcelsheet"/>
</testsuite> <!-- org.dataDriven.DataProviderTestNGJxlExcelsheet -->
