<?xml version="1.0" encoding="UTF-8"?>
<!-- Generated by org.testng.reporters.JUnitReportReporter -->
<testsuite skipped="0" hostname="DESKTOP-87H0121" name="org.learnTestNG.Part10Assert" tests="2" failures="0" timestamp="24 May 2022 06:58:37 GMT" time="0.031" errors="0">
  <testcase name="assertTrue" time="0.031" classname="org.learnTestNG.Part10Assert"/>
  <testcase name="checkEquals" time="0.000" classname="org.learnTestNG.Part10Assert"/>
</testsuite> <!-- org.learnTestNG.Part10Assert -->
