<?xml version="1.0" encoding="UTF-8"?>
<!-- Generated by org.testng.reporters.JUnitReportReporter -->
<testsuite skipped="0" hostname="DESKTOP-87H0121" name="org.learnTestNG.Part5TestSuites" tests="3" failures="0" timestamp="24 May 2022 04:17:44 GMT" time="6.267" errors="0">
  <testcase name="Tc003" time="1.868" classname="org.learnTestNG.Part5TestSuites"/>
  <testcase name="Tc001" time="3.556" classname="org.learnTestNG.Part5TestSuites"/>
  <testcase name="Tc002" time="0.843" classname="org.learnTestNG.Part5TestSuites"/>
</testsuite> <!-- org.learnTestNG.Part5TestSuites -->
