<?xml version="1.0" encoding="UTF-8"?>
<!-- Generated by org.testng.reporters.JUnitReportReporter -->
<testsuite skipped="0" hostname="DESKTOP-87H0121" name="org.learnTestNG.Day2Priority" tests="6" failures="0" timestamp="22 May 2022 06:28:18 GMT" time="0.064" errors="0">
  <testcase name="startACar" time="0.032" classname="org.learnTestNG.Day2Priority"/>
  <testcase name="putKey" time="0.008" classname="org.learnTestNG.Day2Priority"/>
  <testcase name="startBtn" time="0.008" classname="org.learnTestNG.Day2Priority"/>
  <testcase name="firstGear" time="0.008" classname="org.learnTestNG.Day2Priority"/>
  <testcase name="secondGear" time="0.008" classname="org.learnTestNG.Day2Priority"/>
  <testcase name="drive" time="0.000" classname="org.learnTestNG.Day2Priority"/>
</testsuite> <!-- org.learnTestNG.Day2Priority -->
