<?xml version="1.0" encoding="UTF-8"?>
<!-- Generated by org.testng.reporters.JUnitReportReporter -->
<testsuite skipped="0" hostname="DESKTOP-87H0121" name="org.dataDriven.CorrectUserName" tests="1" failures="0" timestamp="25 May 2022 12:51:10 GMT" time="23.849" errors="0">
  <testcase name="correctUserName" time="23.849" classname="org.dataDriven.CorrectUserName"/>
</testsuite> <!-- org.dataDriven.CorrectUserName -->
