<?xml version="1.0" encoding="UTF-8"?>
<!-- Generated by org.testng.reporters.JUnitReportReporter -->
<testsuite skipped="0" hostname="DESKTOP-87H0121" name="org.dataDriven.DataProviderLogin" tests="4" failures="0" timestamp="25 May 2022 13:55:24 GMT" time="46.524" errors="0">
  <testcase name="BothCorrect" time="11.654" classname="org.dataDriven.DataProviderLogin"/>
  <testcase name="BothCorrect" time="10.274" classname="org.dataDriven.DataProviderLogin"/>
  <testcase name="BothCorrect" time="9.238" classname="org.dataDriven.DataProviderLogin"/>
  <testcase name="BothCorrect" time="15.358" classname="org.dataDriven.DataProviderLogin"/>
</testsuite> <!-- org.dataDriven.DataProviderLogin -->
