<?xml version="1.0" encoding="UTF-8"?>
<!-- Generated by org.testng.reporters.JUnitReportReporter -->
<testsuite skipped="0" hostname="DESKTOP-87H0121" name="org.learnTestNG.Part8Parameterization" tests="1" failures="0" timestamp="24 May 2022 05:56:15 GMT" time="0.015" errors="0">
  <testcase name="Names" time="0.015" classname="org.learnTestNG.Part8Parameterization"/>
</testsuite> <!-- org.learnTestNG.Part8Parameterization -->
