<?xml version="1.0" encoding="UTF-8"?>
<!-- Generated by org.testng.reporters.JUnitReportReporter -->
<testsuite skipped="0" hostname="DESKTOP-87H0121" name="org.learnTestNG.NewTest" tests="2" failures="0" timestamp="24 May 2022 07:07:03 GMT" time="0.016" errors="0">
  <testcase name="Selenium" time="0.000" classname="org.learnTestNG.NewTest"/>
  <testcase name="Java" time="0.016" classname="org.learnTestNG.NewTest"/>
</testsuite> <!-- org.learnTestNG.NewTest -->
