<?xml version="1.0" encoding="UTF-8"?>
<!-- Generated by org.testng.reporters.JUnitReportReporter -->
<testsuite skipped="0" hostname="DESKTOP-87H0121" name="org.learnTestNG.SampleTest" tests="1" failures="0" timestamp="24 May 2022 07:23:09 GMT" time="0.031" errors="0">
  <testcase name="firstTest" time="0.031" classname="org.learnTestNG.SampleTest"/>
</testsuite> <!-- org.learnTestNG.SampleTest -->
