<?xml version="1.0" encoding="UTF-8"?>
<!-- Generated by org.testng.reporters.JUnitReportReporter -->
<testsuite skipped="0" hostname="DESKTOP-87H0121" name="org.learnTestNG.IntroductionDay1" tests="5" failures="0" timestamp="22 May 2022 06:16:57 GMT" time="0.048" errors="0">
  <testcase name="fifthTestcase" time="0.000" classname="org.learnTestNG.IntroductionDay1"/>
  <testcase name="firstTestcase" time="0.000" classname="org.learnTestNG.IntroductionDay1"/>
  <testcase name="secondTestcase" time="0.016" classname="org.learnTestNG.IntroductionDay1"/>
  <testcase name="ThirdTestcase" time="0.032" classname="org.learnTestNG.IntroductionDay1"/>
  <testcase name="fourthTestcase" time="0.000" classname="org.learnTestNG.IntroductionDay1"/>
</testsuite> <!-- org.learnTestNG.IntroductionDay1 -->
